Мобильные технологии: 55
 iphone 0.005041629127637038
 samsung 0.003765704276297464
 ipad 0.003400241018882848
 galaxy 0.0033903349373090117
 apple 0.0031417168020790322
 sony 0.0026310028575059533
 связи 0.0025235230955517962
 nokia 0.0025169294074653802
 телефоны 0.002268910539190537
 номера 0.002085445769794686
 телефонов 0.0020046841539737227
 чехлы 0.001937867574446715
 xperia 0.0019029642426178692
 республика 0.001877298070457591
 тарифы 0.0017238045296751184
 mini 0.0016225119161568879
 номер 0.0014913700440282388
 связь 0.0014785644916201714
 устройства 0.0014049173314614105
 android 0.001375769598685847
 глонасс 0.001293997699669673
 карты 0.001270023882166039
 мобильных 0.0012468605271606138
 macbook 0.001210814172754794
 garmin 0.001163283006150348
 сервис 0.0011254853199543
 ipod 0.0011195319954046094
 билайн 0.001101501686572184
 lumia 0.0011004031580943566
 смартфон 9.972821934514833E-4
 сети 9.699817546465436E-4
 windows 9.593156394237845E-4
 устройств 9.585750294143295E-4
 обзоры 9.37594508281718E-4
 клиентам 9.246275500296841E-4
 мегафон 9.211338140697713E-4
 мобильные 9.182131625163757E-4
 blackberry 9.119367579730508E-4
 тариф 9.105996979904345E-4
 кабинет 8.548899347150153E-4
 звонки 8.490407929431686E-4
 клиентов 8.462002913179604E-4
 радиостанции 8.301502863873001E-4
 техники 8.284916028057584E-4
 dual 8.188770378944092E-4
 чехол 8.07465992284051E-4
 гарантия 8.051177551880387E-4
Музыка: 38
 музыка 0.004906487127353886
 скачать 0.004585020362792947
 песни 0.003595316723329954
 radio 0.003135824557961982
 текст 0.0021012245257805064
 группы 0.002059571078511954
 радио 0.0019150105562539693
 песня 0.0018663846199567684
 группа 0.0017618019499258545
 альбом 0.0016809476925408301
 песен 0.0015184417706175608
 концерт 0.0014346845649945714
 музыки 0.001365923388791062
 copyleft 0.001252800492886748
 music 0.0012272508263346611
 live 0.0012083704640463194
 официальный 0.0011519762312626307
 kbps 0.001060140068216448
 аудио 0.0010401143347242934
 слушать 0.0010138125792520907
 афиша 0.0010017174305112383
 альбомы 9.379162758071459E-4
 концерты 9.043599104148899E-4
 midi 8.784430523792057E-4
 альбома 8.52334446813127E-4
 audio 8.12243491630243E-4
Фото и видео: 33
 фотосъемка 0.0038665651716028454
 фотограф 0.0036472265033429176
 фотографий 0.003393437692730986
 фотография 0.002212723837514117
 портфолио 0.0021248186931643706
 студии 0.002124108558902546
 photo 0.002043967853018786
 съемка 0.0017620710934634785
 портрет 0.0017185460431942633
 фотостудия 0.0016826509836012427
 photographer 0.001505682792754032
 фотосессия 0.0014504279024874836
 печать 0.0013704329336956089
 photography 0.0012743789985717616
 фотографа 0.0010869126109480734
 свадебная 0.0010348001407063405
 фотосессии 9.842774506907464E-4
 свадебный 9.824030298859917E-4
 съемки 9.812795465689733E-4
 мастер 9.54135040509843E-4
 фотографов 9.145709039757059E-4
 studio 9.048081791510507E-4
 галерея 8.842392112763046E-4
 фотостудии 8.649678974381887E-4
Объявления: 37
 объявления 0.004099226739301479
 объявлений 0.0033068274616262386
 доска 0.002569981625253331
 недвижимость 0.0023086793751104363
 продажа 0.0023069774757423153
 оборудование 0.0019531215631633375
 объявление 0.0018512987408409597
 авто 0.0018033159567314495
 продам 0.0016110999066431743
 бесплатная 0.0015976613066609
 работа 0.0013676015522056928
 недвижимости 0.001327492053696391
 клуб 0.0013153504367598749
 квартиры 0.0013073871471983758
 дома 0.001191869929661538
 материалы 0.0011440878677967368
 аренда 0.0010794324351751086
 квартиру 0.001034827227688489
 автомобили 0.0010001764828627905
 календарь 9.884758262570998E-4
 техника 9.724597126309383E-4
 товары 9.063997072701102E-4
 компаний 9.018323424494879E-4
 материалов 8.75680664150696E-4
 горный 8.418773848852048E-4
 скиф 8.340852130325814E-4
 квартир 8.158956021434943E-4
 предложения 8.124568734360102E-4
 общение 8.077453052353871E-4
Путешествия и туризм: 43
 туры 0.009322461468867635
 отдых 0.004451838084147086
 отель 0.002722937221618258
 отели 0.0025825716532504577
 hotel 0.002329459663774601
 ночей 0.0020052648694663783
 тура 0.00178227500947259
 бронирование 0.001766915137281534
 дней 0.0017508346720220402
 отелей 0.001646776254378016
 страны 0.0015201178607672004
 отдыха 0.0015086409709774349
 гостиницы 0.0014354810946726369
 туров 0.0013877142054042225
 авиабилеты 0.001362692353840745
 италия 0.0012605941052147224
 экскурсии 0.0012206621500833249
 курорты 0.0011415001125503871
 туристов 0.00110938142187156
 визы 0.001107124474113655
 офис 0.0010901294007577998
 греция 0.0010805457756481427
 туризм 0.0010639067775973364
 турция 0.0010613914102614729
 виза 0.0010462285916945408
 экскурсионные 0.0010242108908754255
 острова 0.0010160435516777268
 испания 0.001002624534095131
 франция 9.937067242803716E-4
 travel 9.676027540648715E-4
 спецпредложения 9.389255717470304E-4
 resort 9.368391316915451E-4
 море 9.354715074790466E-4
 египет 9.226470275271502E-4
 гостиница 9.147865230519959E-4
 online 9.048604510112646E-4
 мира 8.936660323474923E-4
 номер 8.868385151177313E-4
 отзывов 8.80944149362352E-4
 москвы 8.51795465117758E-4
 париж 8.48393470758798E-4
 круизы 8.3892062369517E-4
 австрия 8.28697619923573E-4
Юмор: 36
 анекдоты 0.004676627535686998
 приколы 0.003870760126325641
 картинки 0.003084540430985304
 афорикон 0.0028011204481792717
 юмор 0.00185281104624289
 прикольные 0.0018495187956191527
 афоризмы 0.0017125411844405819
 истории 0.0013238051411259717
 смешные 0.0012577961865466833
 лучшие 0.0012400975245916482
 выпуск 0.001122538602840283
 анекдот 9.62426800421353E-4
 комиксы 9.1519834834202E-4
 русские 9.051661188907736E-4
 человек 8.727815956448466E-4
 жизнь 8.632300353360867E-4
 карикатуры 8.432675671177131E-4
 стихи 8.308153770724489E-4
 fuck 8.217409904550315E-4
 comedy 8.152967640962374E-4
 животные 8.11058095894686E-4
Новости: 16
 общество 0.001653683266519578
 news 0.0013374322116706092
 политика 0.0011998767964246245
 экономика 0.001171814436662583
 культура 0.001068330934813157
 году 9.92129310311688E-4
 происшествия 9.891100373212492E-4
 украины 9.457726754829271E-4
 новостей 9.318717189398136E-4
 материалов 9.141083827068645E-4
 назад 9.039118230308059E-4
 комментарии 8.796686015225297E-4
 этом 8.542293500932769E-4
 будут 8.428555718671209E-4
 интервью 8.30883782451424E-4
Знакомства: 39
 знакомства 0.009585307331573222
 знакомств 0.0051490157120068335
 анкеты 0.002292314115563464
 возраст 0.002165494254626509
 мужчина 0.001803373119534966
 найти 0.0015654922094070413
 анкету 0.0015403813405278684
 женщина 0.0015245517109932082
 логин 0.0013016118475038224
 общения 0.0012311893276851387
 район 0.0011926555940101275
 друзей 0.0011741324520327882
 мужчину 0.0011717987223290479
 девушки 0.0011387895207498693
 общение 0.0011298416303258637
 отношений 0.0011219453636885526
 мужчины 0.001117977210846007
 запомнить 0.0011043503069447609
 просто 0.001060462700809001
 познакомиться 0.001007032892055677
 зарегистрироваться 9.330998427658464E-4
 сообщение 8.328473949851357E-4
 любовь 8.325088202215818E-4
 мужчин 8.178968787078675E-4
 анкет 8.019393011161789E-4
Игры: 42
 akella 0.004366812227074236
 xbox 0.004069433529285089
 playstation 0.0038149422040534824
 игра 0.0031996183485125352
 игры 0.0031996183485125352
 карты 0.0023880928003142646
 sony 0.002387181480950567
 приставки 0.0021958993672567396
 nintendo 0.0021163767744234127
 vita 0.001780313907034155
 клуб 0.0013809533795483377
 clan 0.0013211220923771078
 группа 0.0013146307864118833
 farmer 0.0013100436681222707
 slim 0.0012675907193205138
 game 0.0012554904368208208
 игровые 0.0012359105514929967
 нарды 0.0012120629535398023
 фестиваль 0.0011769917742279193
 loading 0.0011638716318559835
 компаний 0.0011592231953700817
 иммо 0.001091703056768559
 games 0.0010888746268945682
 оплата 0.0010643416371521482
 body 0.001043291459169371
 магазине 0.0010182671937908425
 support 0.0010150802745030024
 правила 0.0010138754209293016
 world 9.763376823876912E-4
 новинки 8.885717232643044E-4
 игру 8.78985261020125E-4
 забыли 8.404236215811117E-4
 описание 8.365181383096162E-4
 клуба 8.257297626746574E-4
 чемпионат 8.186438587024055E-4
 strike 8.186208948041733E-4
 игроков 8.152713107456295E-4
 результаты 8.103677625658249E-4
Комиксы и анимация: 41
 анимация 0.002376501051499297
 комиксы 0.0022629830288500327
 анимации 0.002158901905382023
 flash 0.002029898904873279
 картинки 0.0016289676138323396
 дизайн 0.0015622095854402867
 приколы 0.001507471737624536
 комикс 0.0014029399513334887
 карикатуры 0.0011936173670709397
 комиксов 0.0011810027478735114
 галерея 0.0010088626921004
 лучшие 0.0010033513343764807
 анекдоты 9.896171549841444E-4
Подарки: 60
 подарки 0.009524022504606334
 подарок 0.004800087357531839
 подарков 0.0036527047197355456
 часы 0.002888386382447087
 наборы 0.002841936881721944
 сувениры 0.0027912070430862893
 цветов 0.0026102008860553532
 корзину 0.0023070125684838717
 корзина 0.0022299992952799315
 букет 0.0021999583867475148
 оплата 0.0021878817818117863
 цветы 0.0021675596743934984
 магазине 0.0020279024718990054
 букеты 0.001968938335837453
 подарочные 0.0018392577056290393
 товары 0.0016831326021884776
 игрушки 0.001658777155696191
 товаров 0.0016356125213543102
 доставки 0.0015702371935218465
 заказа 0.0015647577757009405
 изделия 0.0014277996541750303
 ручки 0.00137605470473747
 набор 0.0013670962009910564
 рождения 0.0013664928204394772
 ножи 0.0013318704427838686
 статуэтки 0.0012431274015106471
 новинки 0.0011876332675299745
 артикул 0.0011683498141662205
 нашем 0.0011675964122205731
 оригинальные 0.0011650672873866604
 оружие 0.001099867818972965
 товара 0.001071079221125323
 посуда 0.0010526955988959068
 шкатулки 0.0010412462954209098
 товар 0.0010400860152309731
 скидки 0.0010281880969307264
 магазина 0.0010146115591556123
 книги 0.0010143482391045532
 шары 9.704251483630479E-4
 композиции 9.621264843525182E-4
 интерьера 9.592654419243538E-4
 просто 9.497523383691952E-4
 предметы 9.158880016198534E-4
 дома 9.052749630662758E-4
 настольные 9.041739973027926E-4
 необычные 8.88348378537085E-4
 розы 8.869514807551221E-4
 февраля 8.861423562161506E-4
 сделать 8.763881800819562E-4
 корзины 8.682678091380182E-4
 всегда 8.659238479683973E-4
 выбрать 8.532990764325179E-4
 выбор 8.227545036659071E-4
 украшения 8.212496454299174E-4
 оптом 8.190539432475678E-4
 вазы 8.147540805668614E-4
Спорт: 61
 футбол 0.005316907854607369
 чемпионат 0.004150129591551498
 сочи 0.0035273866896114612
 мира 0.0033769674290925274
 кубок 0.0027317252062029032
 лига 0.002597396365176362
 спорта 0.0025595500613766
 результаты 0.0023238232188101788
 хоккей 0.0021921723031083384
 news 0.002035519611346569
 европы 0.0018714647432701108
 матч 0.0018276784494229772
 чемпионов 0.0015922215465335665
 команды 0.001573623990847568
 евро 0.001543417121516666
 зенит 0.0015419669329539611
 кубка 0.0014693417275406446
 сборной 0.00146675663482152
 турнира 0.0014232184849066202
 итоги 0.0014178083457944209
 чемпионата 0.0013935143838938627
 календарь 0.0013751930766960922
 сборная 0.0013050492765552175
 динамо 0.0012527937260280856
 локомотив 0.0012324569561039788
 турнир 0.0012222068139885278
 олимпиады 0.0011625831552975754
 open 0.0011574895364779522
 теннис 0.0010330162988844665
 баскетбол 0.0010283333495349797
 журнал 0.0010128345904225466
 мужчины 0.001008703352369438
 гран 9.944661067874182E-4
 cмотрите 9.782421740626075E-4
 футболу 9.416852934487756E-4
 финал 9.331906990363007E-4
 соревнования 9.260960250997152E-4
 группа 9.21690673848863E-4
 команда 9.085702762511409E-4
 биатлон 9.035603870338355E-4
 женщины 8.952890199746879E-4
 цска 8.926877565200668E-4
 матче 8.876013629756153E-4
 виды 8.87414003903727E-4
 текст 8.789545829264772E-4
 матчей 8.788358054445526E-4
 германия 8.636378800151309E-4
 пресс 8.541914491593482E-4
 уефа 8.515990828175009E-4
 волейбол 8.466063324006117E-4
 паралимпиады 8.438158909673919E-4
 рождения 8.429258804229086E-4
 спартак 8.410454830802128E-4
 марта 8.386773343187446E-4
 трансляции 8.239908694954183E-4
 атлетика 8.201615871109265E-4
 лучшие 8.113544666750094E-4
 украина 8.087535391243036E-4
 первый 8.060421427991438E-4
Заработок и Финансы: 66
 форекс 0.0001
 forex 0.0001
 валютный 0.0001
 заработок 0.006
 прибыли 0.002
 прибыль 0.002
 банк 0.008252818273752844
 банка 0.004638000386978313
 кредит 0.003208730208044246
 банке 0.0024135841857243806
 обслуживание 0.00239762319441592
 страхование 0.0021306532244532283
 лицам 0.0020568823142920385
 карты 0.002039588298597006
 клиентов 0.0020042870378399603
 клиентам 0.0019289508583850946
 офис 0.0018899806390040835
 бизнеса 0.0018032498957483202
 бизнес 0.0018032498957483202
 бизнесе 0.0018032498957483202
 кредиты 0.0017234542308375658
 информации 0.0016369241616106401
 банковские 0.0016327522723593036
 лизинг 0.0015967066465866963
 операции 0.0015832037329159864
 документы 0.001477489939139911
 переводы 0.0013699440748243144
 вклады 0.0013635493264135808
 отчетность 0.0013329879729403213
 тарифы 0.0013233943717873835
 средств 0.0012858917659020835
 счета 0.001283148239240632
 частным 0.0012702792326507613
 лицензия 0.001184159348793083
 банкоматы 0.0011642759365908166
 деятельности 0.0011488594011542141
 счет 0.0011474658493884507
 пресс 0.0011354160791241272
 реквизиты 0.0011350061443926472
 связь 0.0011327557911196338
 ипотека 0.0011221997268801424
 рынке 0.0011049028732665342
 вклад 0.0010882036175569095
 кредитование 0.0010786362154989776
 компаний 0.0010653078098601459
 документов 0.0010529580146815805
 условия 0.001043954148492288
 юридических 0.0010335941937157412
 банковских 0.001024672867275532
 офисы 9.971834269602504E-4
 банков 9.869834365770133E-4
 кредита 9.835908117440258E-4
 страхования 9.794792384331115E-4
 форекс 9.705020749518485E-4
 звонок 9.694822779563767E-4
 получить 9.6756101233465E-4
 рынка 9.617146859371564E-4
 курсы 9.566240362812882E-4
 валют 9.505772897699423E-4
 физических 9.433340175744485E-4
 раскрытие 9.164124789636966E-4
 клиенты 9.078790693169958E-4
 денежные 9.009840795215497E-4
 через 8.527055414643553E-4
 недвижимости 8.525639854111729E-4
 корпоративным 8.487908466526819E-4
 деньги 8.478979905657308E-4
 управление 8.398410768877917E-4
 обратная 8.28455192798289E-4
 республика 8.226046162606896E-4
 срок 8.203303745368125E-4
 обслуживания 8.202599882322232E-4
 вкладов 8.147618366889155E-4
 права 8.010740902069992E-4
Знаменитости: 47
 знаменитостей 0.0036983479622561505
 виртуальный 0.0024194493777891348
 знаменитости 0.0017778891787999034
 интервью 0.0015008014403315383
 самые 0.0012431828187662191
 модные 0.0012431828187662191
 моды 0.0011150715653234925
 fashion 0.0011063924498813606
 мода 0.001096387402263897
 звезды 0.00106858916285035
 звезд 0.0010671033709167093
 кино 0.0010665665069229597
 стиль 0.0010124389671289993
 celebrities 0.0010121457489878543
 журнал 9.406463742070832E-4
 красота 8.223211065898799E-4
 смотреть 8.005097944109673E-4
Фильмы: 55
 кино 0.0059814588145630405
 кинотеатр 0.004899730121247779
 фильмы 0.0035228933092933774
 фильм 0.0027614196642457467
 грехов 0.0018205438906198966
 расписание 0.0017361476487330397
 фильмов 0.0017360863020931315
 афиша 0.001697290620758121
 фильма 0.0016767712482836543
 комедия 0.0015847422822400897
 кинотеатра 0.0014549468769189215
 режиссер 0.001446544964659796
 сеансы 0.0013674180697845772
 боевик 0.0013567336483808323
 билет 0.0013482673422879807
 кинотеатре 0.00134731925574692
 убивать 0.001323698170741054
 черепашки 0.00132319745938605
 неудержимые 0.0012624049174880176
 студии 0.0012540561207453243
 ниндзя 0.0012411888924618304
 приключения 0.001224574144046841
 фестиваль 0.0012137912758698596
 жанр 0.0011369591763830524
 билетов 0.0011320951826565085
 скоро 0.0010538848894893088
 синема 0.0010219633174056093
 фестиваля 0.0010036696103009656
 билеты 0.001000379802874977
 ролях 9.800477519003128E-4
 триллер 9.693375883976814E-4
 фантастика 9.274663337694593E-4
 премьера 9.219561173164304E-4
 драма 9.158466066803972E-4
 посвященный 9.02932990330949E-4
 посмотреть 8.5653318952766E-4
 большой 8.483355142517248E-4
 события 8.329946130210009E-4
 киноцентр 8.186940238711211E-4
Строительство и ремонт: 76
 дизайн 0.011261419638980594
 работ 0.006121922900200985
 квартир 0.005740061614063127
 интерьера 0.004888785306460245
 квартиры 0.003780351405609104
 дома 0.003561586514880695
 проект 0.0035219053314843275
 отделка 0.0034742342117580127
 строительство 0.0033792279392220264
 ремонта 0.003045632283305119
 материалы 0.0024178041453074162
 монтаж 0.0023852997430882715
 материалов 0.002304217239286507
 домов 0.002299894546751935
 помещений 0.002292180132022631
 офисов 0.0021848744365976264
 установка 0.0021128065509265887
 ключ 0.0019485504996926116
 проекта 0.0019480000990529315
 стен 0.0019313430264398636
 проекты 0.0018579813971628105
 нашей 0.001728060659411692
 коттеджей 0.0016733032218518662
 паркета 0.0015474289369612816
 наша 0.0014779358554253416
 отделочные 0.0014768285586023659
 интерьеров 0.0014499097663616528
 дизайна 0.0013253459599040446
 помещения 0.0013129301068517945
 прайс 0.00128550589674292
 потолки 0.0012644238973446539
 окна 0.0012466991442081812
 проектирование 0.001223716216834114
 портфолио 0.0011983256431229551
 комнаты 0.0011739862562928245
 ванной 0.0011668170832242824
 интерьер 0.0011562677621057
 строительных 0.0011284174946559397
 строительства 0.0011130546057516284
 пола 0.0010852402530236668
 покрытия 0.0010565470729040265
 строй 0.001042393802810713
 качество 0.0010377835210270575
 мебель 0.0010372028663632679
 отделочных 0.0010329524992367225
 отделки 0.0010320554628601175
 технологии 0.001023443086328514
 специалисты 0.0010198439125413215
 офис 0.0010160163128345079
 офиса 0.0010114308219511896
 укладка 0.0010092845485817929
 строительные 0.0010090451855746464
 лист 0.0010069767656066813
 проектов 0.0010051566930784736
 виды 9.660153692439908E-4
 зданий 9.597020292205391E-4
 мебели 9.306507670281355E-4
 штукатурка 9.272068367153518E-4
 кровли 9.235197485405612E-4
 сделать 9.200798822417251E-4
 опыт 8.876989364542137E-4
 создание 8.856703074316115E-4
 квартира 8.780794657919598E-4
 элитный 8.694791335815366E-4
 двери 8.684516118532563E-4
 потолков 8.58010897846618E-4
 фасадов 8.430095778216678E-4
 сроки 8.421324921989792E-4
 полы 8.171883363986363E-4
Развлекательный: 65
 добро 0.004031254561666292
 пожаловать 0.004014453973037814
 сообщение 0.0026533720266838515
 чата 0.0025341342163624912
 сообщений 0.002400812591595223
 последнее 0.002314898298773627
 тема 0.002308693655677175
 сообщения 0.0022424362962454912
 темы 0.0020892546100510583
 вчера 0.0019598513514402557
 общение 0.0017412829693184886
 чате 0.001631098596758301
 пожалуйста 0.0014627861744697527
 настройки 0.0013372614665697966
 комментарии 0.0013252245739282557
 ответов 0.0011996196240930698
 жителей 0.0011737258746217034
 гороскоп 0.0011720298347402255
 просмотров 0.0011534567687620455
 поддерживает 0.0011385192721598252
 чатом 0.0010987279584341646
 форума 9.569566125067082E-4
 последние 9.286652648502943E-4
 посетителей 9.073028586240521E-4
 модераторы 8.983558655979977E-4
 знакомства 8.246774649121515E-4
Книги и журналы: 31
 библиотека 0.0058179223918167775
 книги 0.0042745810142008475
 библиотеки 0.0025926594643573254
 книга 0.0020042629739437556
 книг 0.0017958527754882276
 литература 0.0017799051180265664
 библиотеке 0.001626701785691924
 стихи 0.0016153531000466113
 мифология 0.0013413417445130888
 издания 0.001291624701801862
 античная 0.0012685259496363567
 библиотек 0.0010782282530303945
 сказки 0.0010746846260775498
 литературы 0.001042670275479085
 мемуары 0.0010229233560633602
 русские 0.001007446306527852
 детская 9.42230978225466E-4
 культуры 9.294899368760622E-4
 краевая 8.73047919545981E-4
 memoirs 8.404488413789042E-4
 проза 8.30742714408188E-4
 роман 8.051702391331409E-4
 премии 8.050072865226784E-4
Авто: 56
 автомобилей 0.004847720203388249
 авто 0.004702489610713968
 автомобили 0.004298876958717928
 автомобиля 0.0037651219436724464
 запчасти 0.0029479669435526173
 автомобиль 0.0026426035454133663
 шины 0.0026260834845349135
 сервис 0.0024891629487524378
 chevrolet 0.002298367295856791
 диски 0.0020269919615682796
 nissan 0.001974198789905274
 ford 0.0017950171417452174
 hyundai 0.0017803837949974882
 toyota 0.0016917264898280574
 тест 0.001529595574710945
 обслуживание 0.0015177283862354513
 продажа 0.001483906739468287
 opel 0.001478772376113923
 audi 0.0014701724381413464
 mitsubishi 0.0014612594069056432
 кредит 0.0014147899187697366
 наличии 0.0013457294897853158
 страхование 0.0013455849230760955
 peugeot 0.0012826391801328064
 дисков 0.001276435214637824
 volkswagen 0.0012587872582593162
 mazda 0.0012571990712043335
 драйв 0.0012424573315231687
 suzuki 0.0012225485108187102
 установка 0.001184943921012879
 запчастей 0.0011674000201420671
 lada 0.0011528991477222292
 замена 0.0010824430797247968
 двигателя 0.0010771157772856207
 renault 0.00101828381849536
 модели 0.001013261050986809
 оборудование 9.977884467909242E-4
 предложения 9.893093313221085E-4
 модель 9.758888451046283E-4
 honda 9.661717771837465E-4
 daewoo 9.651466426347754E-4
 конфигуратор 9.511153119395844E-4
 запись 9.508879031119487E-4
 комплектации 9.385634397874915E-4
 пробегом 9.277106247376035E-4
 оборудования 9.1288055968759E-4
 тюнинг 9.118954386482856E-4
 вашего 8.948499342394866E-4
 гарантия 8.893171238013721E-4
 mercedes 8.862034149865516E-4
 официальный 8.73368782796992E-4
 диагностика 8.473763060648638E-4
 дилер 8.449128424586934E-4
 специальные 8.441822526538108E-4
 автосалон 8.253724241306864E-4
Женские сайты: 73
 новая 0.008154941076026687
 заря 0.00805334904058646
 фитнес 0.004539832557248865
 красоты 0.0036080236094255228
 волос 0.003000041109027338
 наращивание 0.002695355637721008
 ногтей 0.0025549630984753303
 прически 0.002348107989559935
 волосы 0.0022336221297199355
 уход 0.0018804684037949078
 макияж 0.0018720180313725715
 swarovski 0.0017624408351557678
 аромат 0.0017181628432119337
 духи 0.0016512246715153706
 лица 0.0016249126755389907
 украшения 0.001535181537500216
 ресниц 0.0014877987993960843
 прическа 0.0013957386768007837
 журнал 0.0013648543265011293
 тату 0.0013446277205568695
 наращивания 0.0013255986811837985
 модель 0.0012915021593678556
 fitness 0.0012209302325581397
 разделе 0.001217479847668345
 адамас 0.0012017240306251738
 отзыв 0.0011670655512519448
 свадебный 0.0011514964418765732
 салон 0.001142006509151394
 косметика 0.0011147267554121232
 блог 0.0011081146374560008
 тема 0.0011042326582423934
 свадебная 0.0010910892310376842
 стилист 0.0010763241692351533
 кожи 0.001074764755125946
 оценка 0.001071269841903785
 tattoo 0.0010546872525457906
 питание 0.001050730644792288
 reebok 0.0010465116279069773
 посетитель 0.0010422375390219064
 здоровье 0.0010416924248395794
 материалы 0.0010363181357683703
 стиль 0.0010004222225897124
 glamour 9.341012420478436E-4
 свадебные 9.274617057230626E-4
 события 9.23398146030582E-4
 специалисты 9.075818793359093E-4
 образ 8.892057367572527E-4
 красота 8.798591824604619E-4
 bodyforum 8.730694443684921E-4
 фитнеса 8.722808945317047E-4
 моды 8.681586520418538E-4
 звезды 8.666056465804481E-4
 средства 8.579563844401706E-4
 врач 8.227773149469967E-4
 ответов 8.130712661518126E-4
Медицина: 49
 лечение 0.0067716896522358305
 зубов 0.0038590192627481145
 клиники 0.0028165808403244766
 лечения 0.002744191067400491
 клиника 0.0024968525786271114
 стоматология 0.002282615262651855
 клинике 0.002044971636596197
 врач 0.0019214780063519107
 диагностика 0.001895568048392539
 прием 0.0018004024439226423
 специалисты 0.0014674747159121916
 хирургия 0.0014019931776044076
 врачи 0.0014007653939108148
 здоровья 0.0013928930202259618
 здоровье 0.0013293045766078926
 центре 0.0013122798483042022
 центра 0.0012889601586445162
 пациентов 0.0012854717863584907
 заболеваний 0.001280198366651963
 медицинских 0.0012787994155561847
 заболевания 0.001274665348702961
 врача 0.001253404641607879
 терапия 0.001245243336177155
 консультация 0.0012309513947390159
 программы 0.0012047864582299082
 средства 0.0011967257080496862
 удаление 0.0011775041536387935
 помощь 0.0011724054503969062
 медицинский 0.0011673637765339277
 запись 0.0010551383837019213
 врачей 9.914773156377318E-4
 клиник 9.642775263125572E-4
 косметология 9.599180023941469E-4
 лица 9.550642565475554E-4
 отделение 9.297131543172881E-4
 медицинские 9.054167593704885E-4
 протезирование 8.852548663883447E-4
 уход 8.835741224085168E-4
 имплантация 8.817789728153743E-4
 массаж 8.780251429546011E-4
 пластика 8.66558146254047E-4
 помощи 8.537628873299616E-4
 стоматологии 8.519209161205516E-4
 консультации 8.248311178462166E-4
 гинекология 8.202131861881113E-4
 медицинского 8.176793676098575E-4
 страхование 8.077890143626434E-4
 медицинской 8.069664852988637E-4
Учеба: 68
 курсы 0.007191793873772666
 обучение 0.005512126540336587
 обучения 0.004843511263806232
 языка 0.0035404667388246225
 образования 0.003270698335410291
 программы 0.003236025229352013
 образование 0.003011822258543686
 университет 0.00260082502228149
 школа 0.00225431916194187
 курс 0.00213062913569621
 институт 0.0018831873700337377
 английского 0.0018654834908028173
 английский 0.001787098140024585
 студентов 0.0017681977996562368
 язык 0.0017055165463689122
 квалификации 0.0016114862903750477
 школы 0.0015746416850305675
 расписание 0.00152529422336914
 управление 0.0014816053600642737
 университета 0.001377690235797547
 тренинги 0.0013585647014449195
 рубежом 0.0012834889403524703
 занятий 0.0012673199112560503
 государственный 0.0012632867592551112
 деятельности 0.0012349748530954443
 подготовки 0.0012306411835334276
 english 0.0012050753948145553
 преподаватели 0.0012032992674894543
 учебный 0.0011781319984651177
 занятия 0.0011493624444750736
 подготовка 0.0011381360241635283
 иностранных 0.0011371732847022444
 бизнеса 0.0011271904876772449
 факультет 0.001124873165586861
 деятельность 0.0011191496009978136
 развития 0.001102207489365705
 курсов 0.0011010224650290783
 управления 0.0010970183752906607
 научно 0.0010849099543204395
 семинары 0.001082946959384369
 state 0.0010793231076253657
 центра 0.001076923146722541
 тренинг 0.001075839982468739
 документы 0.0010259433176928352
 специалистов 0.0010257683409806817
 centre 0.0010059259619097593
 языков 9.775612200648585E-4
 программ 9.70152421822554E-4
 отдел 9.432379930605464E-4
 повышения 9.363873810746763E-4
 кафедра 9.336201928069701E-4
 института 9.324040532466536E-4
 работа 9.280777409856943E-4
 educational 9.188578492286806E-4
 технологий 8.947337345406562E-4
 организации 8.868660710536258E-4
 школе 8.784161769449507E-4
 центре 8.602443121669371E-4
 российской 8.483295667152444E-4
 профессионального 8.269120665617411E-4
 академии 8.248179777917978E-4
 образовательных 8.110564737497853E-4
 технологии 8.10854191952242E-4
Программы: 58
 windows 0.002901849395677371
 решения 0.002889685390701474
 программы 0.002787922050924859
 разработка 0.00239796727932976
 данных 0.002265988009509761
 поддержка 0.00217290476343849
 управления 0.0021199608177546684
 продукты 0.0020370265628290424
 технологии 0.0020122819983556563
 microsoft 0.00201042003027673
 управление 0.0019168703226699253
 обеспечения 0.0018437806755897074
 скачать 0.001843036026701584
 систем 0.0017487450972362769
 программного 0.001545765509014862
 сайтов 0.0015149612218719852
 поддержки 0.0014646797752422918
 software 0.0013870192332347477
 server 0.0013512142706167169
 создание 0.0013357250851376394
 device 0.0012871919456170517
 detector 0.0012675943698016634
 redirect 0.001251096250822188
 программ 0.001172667767232617
 обеспечение 0.0011363449073085593
 информации 0.0011253575604041922
 версии 0.001095947051679477
 бизнеса 0.0010910825436765748
 account 0.0010053641411269345
 сети 9.9985127524858E-4
 программное 9.624238361862641E-4
 проекты 9.229886885304899E-4
 возможность 9.212450396126795E-4
 version 9.208207194801737E-4
 продуктов 9.203261733607373E-4
 клиенты 9.127272607420267E-4
 технологий 9.078162080391322E-4
 решений 9.067093847570511E-4
 клиентов 9.020804231449267E-4
 возможности 9.00109154316941E-4
 office 8.890120087718507E-4
 приложений 8.795472053706919E-4
 защита 8.510102905625243E-4
 автоматизации 8.464051498852833E-4
 решение 8.333924612402896E-4
 позволяет 8.283477666587509E-4
 security 8.27610655006052E-4
 разработки 8.198804512861864E-4
 внедрение 8.057865705097515E-4
Социальные сети: 28
 назад 0.002208241869672789
 itunes 0.0021860433441762152
 сеть 0.001903431764406455
 социальная 0.0015891810001181885
 меня 0.0015342702168182044
 блоги 0.001522452052014702
 помощь 0.0013917142253829216
 facebook 0.0013821029173734125
 запомнить 0.0012624823583234353
 люди 0.0012139467074201804
 группы 0.0011928474657990802
 знакомства 0.001188625726295365
 забыли 0.001163363661667487
 найти 0.0011435680301494283
 больше 0.0010812094816379258
 людей 0.0010679188619567622
 свой 0.0010582965244821817
 друзей 0.0010566027877546124
 блог 0.0010050689682506643
 пользователя 9.943401895813459E-4
 правила 9.700672657071539E-4
 ваши 9.669534335994994E-4
 комментарий 9.464623694306042E-4
 всем 9.37986200808252E-4
 email 8.565622712225147E-4
 with 8.157474190283179E-4
 зарегистрироваться 8.061054143173638E-4
Эротика: 41
 секс 0.011490605301308686
 любви 0.0029415236565393257
 белье 0.0027223355512803918
 эротические 0.002549961274347439
 эротика 0.002549961274347439
 эротический 0.002549961274347439
 фото 0.0025106785258717265
 анальные 0.002482515857887328
 игрушки 0.0023418486636336833
 вибраторы 0.0022970476904766403
 стимуляторы 0.0020219406201130038
 интим 0.0019452949946588138
 смазки 0.0017519362332696668
 эротическое 0.0017035609358578023
 насадки 0.0015254122780867512
 фаллоимитаторы 0.001506296800534599
 секса 0.0014949749746692872
 трусики 0.0014850736191412456
 мастурбаторы 0.0014481481603784388
 вибратор 0.0014301022624430841
 вагинальные 0.0014028634019531108
 размер 0.001354880980178596
 помпы 0.0013101786954210796
 презервативы 0.0012967788799980234
 виртуальный 0.0012758542133393931
 кольца 0.0012195798373214341
 заказ 0.0011710753151979159
 любовь 0.0011667414725274206
 куклы 0.0011627337782455312
 эротический 0.001158823668750907
 вагины 0.0011554012035576047
 костюмы 0.0011085538143230688
 love 0.001023619743642517
 взрослых 0.0010233315003564134
 страпоны 9.915522415265808E-4
 vibe 9.534814812524648E-4
 феромонами 9.36099114374819E-4
 бдсм 8.874813634332026E-4
 contex 8.353787122244067E-4
 возбуждающие 8.22678644296216E-4
 вибрацией 8.072159516285784E-4