Эротика
 vibe 0.001064
 личный 0.001404
 доставка 0.002819
 вагинальные 0.001737
 вибраторы 0.002741
 instagram 0.001614
 массажер 0.001317
 доставки 0.001123
 игрушки 0.003043
 москве 0.002181
 заказ 0.004048
 вибратор 0.001229
 выиграй 0.001130
 пуста 0.001239
 feat 0.003228
 помпа 0.001269
 dance 0.001130
 бесплатный 0.001171
 сделать 0.001424
 получите 0.001746
 кандалы 0.001171
 товара 0.002351
 обратная 0.001112
 guetta 0.001291
 аксессуары 0.001210
 работаем 0.001307
 помощь 0.001171
 javascript 0.001776
 подписаться 0.001024
 трусики 0.002693
 хочу 0.001164
 накладные 0.001171
 бонусы 0.001590
 заказы 0.001005
 связь 0.001112
 предназначен 0.001141
 максим 0.001291
 наши 0.001814
 love 0.029056
 шопа 0.001424
 pickpoint 0.001112
 vsexshop 0.003415
 ведущие 0.001776
 нужно 0.001776
 nicky 0.001130
 белье 0.005288
 summer 0.001614
 пробка 0.002078
 звонок 0.001171
 рублей 0.001307
 нашего 0.001239
 лидеры 0.001141
 ваши 0.001668
 пробки 0.002030
 продаж 0.001239
 магазины 0.001755
 магазин 0.004467
 фаллоимитатор 0.001064
 клитора 0.001054
 гороскоп 0.002376
 полезен 0.001171
 enya 0.001776
 шарики 0.001346
 apps 0.001614
 выбрать 0.002918
 гиганты 0.001464
 регионы 0.001614
 горячие 0.002421
 считают 0.001073
 мужское 0.001620
 любриканты 0.001561
 подарок 0.002244
 игрушек 0.001210
 петербурге 0.001099
 достигших 0.001053
 подпишитесь 0.001024
 акции 0.003107
 просмотров 0.001937
 mail 0.001931
 оплата 0.002653
 chill 0.001130
 глаза 0.001151
 анальная 0.003444
 страпон 0.001464
 стимуляторы 0.005288
 radio 0.007910
 радио 0.001453
 полезным 0.001073
 корзина 0.002536
 адрес 0.001024
 включить 0.001776
 разное 0.001297
 использования 0.001080
 которая 0.001059
 info 0.001614
 tech 0.001064
 сеть 0.001668
 вакуумная 0.001269
 секс 0.011374
 главная 0.001239
 пароль 0.002243
 телефон 0.001200
 бонусов 0.001668
 наручники 0.001785
 вконтакте 0.001334
 rihanna 0.001453
 программа 0.001053
 насадки 0.001132
 логин 0.001141
 конфиденциальность 0.001327
 вход 0.001053
 товаров 0.002751
 общий 0.001464
 вакансии 0.002726
 привалов 0.001291
 отзыв 0.002244
 регионов 0.001614
 более 0.002459
 масла 0.001356
 возраста 0.001053
 программы 0.001702
 товары 0.003453
 android 0.001937
 show 0.002196
 презервативы 0.001356
 куклы 0.001044
 смазки 0.004293
 интим 0.002643
 playlist 0.001937
 клиент 0.001756
 фетиш 0.001502
 мастурбаторы 0.001639
 магазинов 0.002531
 фиксаторы 0.001171
 статьи 0.001269
 david 0.001291
 news 0.001614
 фистинг 0.001551
 простаты 0.001346
 контакты 0.003312
 летнего 0.001053
 информация 0.001753
 корзину 0.001843
 маски 0.001873
 других 0.001258
 windows 0.001937
 компании 0.001957
 наверх 0.001334
 препараты 0.001854
 super 0.003228
 coldplay 0.001130
 набор 0.001698
 анальные 0.003161
 подарки 0.001122
 материал 0.001853
 введите 0.001843
 точки 0.001054
 товар 0.001804
 online 0.003155
 способы 0.001248
 эротическое 0.003024
Юмор
 даже 0.001125
 добавил 0.001307
 поделиться 0.002547
 тексты 0.001188
 написал 0.001754
 фильма 0.001097
 дальше 0.002492
 всех 0.001056
 день 0.001991
 авто 0.001887
 сервисы 0.001112
 который 0.001147
 комментариев 0.002588
 mertviy 0.002366
 сайта 0.002001
 дата 0.003992
 комментарии 0.004858
 сайте 0.002260
 анекдоты 0.003442
 комментарий 0.001760
 меня 0.001749
 регистрация 0.001391
 lleo 0.001020
 картинки 0.003206
 обзор 0.001028
 теперь 0.001123
 года 0.001978
 просмотры 0.001281
 понравилось 0.001623
 демотиваторы 0.003310
 ссылка 0.001293
 когда 0.001492
 далее 0.002589
 анекдотов 0.002278
 подборка 0.002024
 этого 0.001172
 август 0.001083
 часов 0.001715
 фотографий 0.001161
 читать 0.004060
 юмор 0.001410
 приколы 0.001172
 назад 0.002864
 фотографии 0.001697
 игры 0.001283
Путешествия
 париж 0.001407
 аэропортов 0.001005
 впечатления 0.001005
 популярные 0.001005
 sibaritka 0.002211
 швейцария 0.002814
 туры 0.001608
 экскурсии 0.001206
 отдыха 0.002211
 латвия 0.001809
 больше 0.001005
 бронирования 0.001005
 туров 0.001005
 карты 0.001407
 транспорт 0.001206
 нидерланды 0.001407
 океания 0.001407
 визовые 0.001608
 proalps 0.003015
 гостиниц 0.001005
 поездки 0.001809
 покупка 0.001005
 франция 0.003216
 литва 0.001407
 оформление 0.001005
 детьми 0.002211
 погода 0.001206
 африка 0.001407
 греция 0.001407
 безвизовые 0.001005
 эстония 0.001206
 визы 0.005829
 поехать 0.003819
 китай 0.002211
 прочее 0.001407
 горы 0.001809
 вчера 0.001407
 турция 0.001407
 сочи 0.002412
 индия 0.001206
 находится 0.001407
 hotel 0.002613
 автомобилей 0.001005
 пляж 0.002613
 испания 0.001608
 вьетнам 0.001005
 советы 0.002412
 метров 0.001407
 формальности 0.001005
 виза 0.002412
 бронирование 0.003216
 египет 0.001407
 австрия 0.002211
 монкада 0.001005
 россия 0.002613
 пару 0.001005
 туристических 0.001005
 путешествия 0.002814
 недавно 0.001206
 детей 0.001005
 америка 0.001809
 страны 0.004623
 байкал 0.001206
 таиланд 0.001407
 normandy 0.001005
 европы 0.001005
 израиль 0.002010
 куда 0.005226
 travel 0.006432
 городок 0.001005
 здесь 0.001206
 форумы 0.002814
 дорога 0.001005
 украина 0.001407
 последнее 0.001608
 город 0.001809
 место 0.001608
 aarre 0.001005
 турфирмы 0.001005
 центры 0.001005
 италия 0.002010
 фоторепортажи 0.001608
 пересечение 0.001005
 финляндия 0.002613
 дороги 0.001005
 мире 0.001005
 туризма 0.001608
 курорты 0.001608
 отдых 0.003618
 мира 0.002211
 туризм 0.002814
 табло 0.001005
 свернуть 0.001608
 ciutat 0.001005
 света 0.001608
 выбор 0.001608
 европа 0.001407
 цены 0.001608
 опытом 0.001005
 новое 0.002613
 австралия 0.001809
 германия 0.001608
 билеты 0.001809
 шенгенская 0.001005
 отелей 0.002211
 азия 0.001809
 апрель 0.001608
 всего 0.001005
 себя 0.001005
 тематические 0.001206
 страховка 0.001005
 места 0.001206
 montcada 0.001005
 сообщение 0.001608
 первый 0.001005
 чудеса 0.001407
 горные 0.001809
 форум 0.002211
 ответов 0.010251
 горный 0.001005
 забронировали 0.001005
 отели 0.003015
 статистика 0.001809
 лыжи 0.001206
 чехия 0.001608
 самых 0.001809
 куба 0.001407
 города 0.001809
 прага 0.001005
 мост 0.001608
 острова 0.002814
 sercotel 0.001005
 решак 0.001005
 отель 0.001608
 рассказы 0.001005
 въезда 0.001206
 активный 0.001809
 лето 0.002814
 прокат 0.001005
 моря 0.001206
 обмен 0.001005
 самый 0.001206
 путешествиях 0.001608
 туристов 0.002211
 великобритания 0.001407
 стоит 0.001005
 beach 0.001005
 лыжах 0.001608
 июль 0.001005
 самые 0.001206
 merial 0.001206
